<?xml version="1.0" encoding="UTF-8"?>
<!-- Generated by org.testng.reporters.JUnitReportReporter -->
<testsuite hostname="DESKTOP-E8J7J2T" name="com.TestCases.TestCase4" tests="2" failures="0" timestamp="4 Jan 2017 12:42:42 GMT" time="3.700" errors="0">
  <testcase name="TestCase42" time="0.604" classname="com.TestCases.TestCase4"/>
  <testcase name="TestCase41" time="3.096" classname="com.TestCases.TestCase4"/>
</testsuite> <!-- com.TestCases.TestCase4 -->
