<?xml version="1.0" encoding="UTF-8"?>
<!-- Generated by org.testng.reporters.JUnitReportReporter -->
<testsuite hostname="DESKTOP-E8J7J2T" name="com.TestCases.TestCase5" tests="1" failures="0" timestamp="4 Jan 2017 12:42:42 GMT" time="16.879" errors="0">
  <testcase name="testCase51" time="16.879" classname="com.TestCases.TestCase5"/>
</testsuite> <!-- com.TestCases.TestCase5 -->
