<?xml version="1.0" encoding="UTF-8"?>
<!-- Generated by org.testng.reporters.JUnitReportReporter -->
<testsuite hostname="DESKTOP-E8J7J2T" name="com.TestCases.TestCase3" tests="3" failures="0" timestamp="4 Jan 2017 12:42:42 GMT" time="24.148" errors="0">
  <testcase name="TestCase32" time="20.505" classname="com.TestCases.TestCase3"/>
  <testcase name="TestCase33" time="1.299" classname="com.TestCases.TestCase3"/>
  <testcase name="TestCase31" time="2.344" classname="com.TestCases.TestCase3"/>
</testsuite> <!-- com.TestCases.TestCase3 -->
