<?xml version="1.0" encoding="UTF-8"?>
<!-- Generated by org.testng.reporters.JUnitReportReporter -->
<testsuite hostname="DESKTOP-E8J7J2T" name="com.TestCases.TestCase1" tests="1" failures="0" timestamp="4 Jan 2017 12:42:42 GMT" time="14.653" errors="0">
  <testcase name="TestCase12" time="14.653" classname="com.TestCases.TestCase1"/>
</testsuite> <!-- com.TestCases.TestCase1 -->
